<?xml version="1.0" encoding="UTF-8"?>
<testsuite xmlns:xsi="http://www.w3.org/2001/XMLSchema-instance" xsi:noNamespaceSchemaLocation="https://maven.apache.org/surefire/maven-surefire-plugin/xsd/surefire-test-report-3.0.xsd" version="3.0" name="cz.muni.fi.pb162.hw02.impl.ConsumerTest" time="0.071" tests="10" errors="0" skipped="0" failures="0">
  <properties>
[...]
</properties>
  <testcase name="shouldReturnTopics" classname="cz.muni.fi.pb162.hw02.impl.ConsumerTest" time="0.002"/>
  <testcase name="shouldConsumeNoMessagesFromEmptyTopic" classname="cz.muni.fi.pb162.hw02.impl.ConsumerTest" time="0.05"/>
  <testcase name="shouldHaveCorrectOffsetForEachTopicAfterMultipleConsumptions" classname="cz.muni.fi.pb162.hw02.impl.ConsumerTest" time="0.001"/>
  <testcase name="shouldConsumeNothingFromEmptyBroker" classname="cz.muni.fi.pb162.hw02.impl.ConsumerTest" time="0"/>
  <testcase name="shouldConsumeSingleMessageFromTopic" classname="cz.muni.fi.pb162.hw02.impl.ConsumerTest" time="0.007"/>
  <testcase name="shouldConsumeNoMessagesFromEmptyBroker" classname="cz.muni.fi.pb162.hw02.impl.ConsumerTest" time="0"/>
  <testcase name="shouldConsumeMultipleMessages" classname="cz.muni.fi.pb162.hw02.impl.ConsumerTest" time="0.002"/>
  <testcase name="shouldHaveEmptyOffsetForEmptyBroker" classname="cz.muni.fi.pb162.hw02.impl.ConsumerTest" time="0.001"/>
  <testcase name="shouldNotUpdateOffset" classname="cz.muni.fi.pb162.hw02.impl.ConsumerTest" time="0.001"/>
  <testcase name="shouldHaveCorrectOffsetsAsDocumented" classname="cz.muni.fi.pb162.hw02.impl.ConsumerTest" time="0.001"/>
</testsuite>